<?xml version="1.0" encoding="UTF-8"?>
<!-- Generated by org.testng.reporters.JUnitXMLReporter -->
<testsuite ignored="0" hostname="DESKTOP-VQBVTFO" failures="0" tests="6" name="Test" time="0.031" errors="0" timestamp="2020-12-11T01:59:35 EST">
  <testcase classname="qaclickacademy.AppiumTest" name="IOSApps" time="0.003"/>
  <testcase classname="qaclickacademy.AppiumTest" name="NativeAPAndroid" time="0.0"/>
  <testcase classname="qaclickacademy.SeleniumTest" name="browserAutomation" time="0.001"/>
  <testcase classname="qaclickacademy.SeleniumTest" name="elementsUi" time="0.0"/>
  <testcase classname="qaclickacademy.RESTAPITest" name="deleteTwitter" time="0.0"/>
  <testcase classname="qaclickacademy.RESTAPITest" name="postJira" time="0.0"/>
</testsuite> <!-- Test -->
