<?xml version="1.0" encoding="UTF-8"?>
<testng-results ignored="0" total="6" passed="6" failed="0" skipped="0">
  <reporter-output>
  </reporter-output>
  <suite started-at="2020-12-11T01:59:35 EST" name="Suite" finished-at="2020-12-11T01:59:35 EST" duration-ms="31">
    <groups>
    </groups>
    <test started-at="2020-12-11T01:59:35 EST" name="Test" finished-at="2020-12-11T01:59:35 EST" duration-ms="31">
      <class name="qaclickacademy.AppiumTest">
        <test-method signature="IOSApps()[pri:0, instance:qaclickacademy.AppiumTest@2c34f934]" started-at="2020-12-11T01:59:35 EST" name="IOSApps" finished-at="2020-12-11T01:59:35 EST" duration-ms="3" status="PASS">
          <reporter-output>
          </reporter-output>
        </test-method> <!-- IOSApps -->
        <test-method signature="NativeAPAndroid()[pri:0, instance:qaclickacademy.AppiumTest@2c34f934]" started-at="2020-12-11T01:59:35 EST" name="NativeAPAndroid" finished-at="2020-12-11T01:59:35 EST" duration-ms="0" status="PASS">
          <reporter-output>
          </reporter-output>
        </test-method> <!-- NativeAPAndroid -->
      </class> <!-- qaclickacademy.AppiumTest -->
      <class name="qaclickacademy.RESTAPITest">
        <test-method signature="postJira()[pri:0, instance:qaclickacademy.RESTAPITest@240237d2]" started-at="2020-12-11T01:59:35 EST" name="postJira" finished-at="2020-12-11T01:59:35 EST" duration-ms="0" status="PASS">
          <reporter-output>
          </reporter-output>
        </test-method> <!-- postJira -->
        <test-method signature="deleteTwitter()[pri:0, instance:qaclickacademy.RESTAPITest@240237d2]" started-at="2020-12-11T01:59:35 EST" name="deleteTwitter" finished-at="2020-12-11T01:59:35 EST" duration-ms="0" status="PASS">
          <reporter-output>
          </reporter-output>
        </test-method> <!-- deleteTwitter -->
      </class> <!-- qaclickacademy.RESTAPITest -->
      <class name="qaclickacademy.SeleniumTest">
        <test-method signature="browserAutomation()[pri:0, instance:qaclickacademy.SeleniumTest@12d3a4e9]" started-at="2020-12-11T01:59:35 EST" name="browserAutomation" finished-at="2020-12-11T01:59:35 EST" duration-ms="1" status="PASS">
          <reporter-output>
          </reporter-output>
        </test-method> <!-- browserAutomation -->
        <test-method signature="elementsUi()[pri:0, instance:qaclickacademy.SeleniumTest@12d3a4e9]" started-at="2020-12-11T01:59:35 EST" name="elementsUi" finished-at="2020-12-11T01:59:35 EST" duration-ms="0" status="PASS">
          <reporter-output>
          </reporter-output>
        </test-method> <!-- elementsUi -->
      </class> <!-- qaclickacademy.SeleniumTest -->
    </test> <!-- Test -->
  </suite> <!-- Suite -->
</testng-results>
