<?xml version="1.0" encoding="UTF-8"?>
<testng-results skipped="0" failed="0" ignored="0" total="6" passed="6">
  <reporter-output>
  </reporter-output>
  <suite name="Suite" duration-ms="42" started-at="2020-12-11T01:58:03 EST" finished-at="2020-12-11T01:58:04 EST">
    <groups>
    </groups>
    <test name="Test" duration-ms="42" started-at="2020-12-11T01:58:03 EST" finished-at="2020-12-11T01:58:04 EST">
      <class name="qaclickacademy.AppiumTest">
        <test-method status="PASS" signature="IOSApps()[pri:0, instance:qaclickacademy.AppiumTest@305fd85d]" name="IOSApps" duration-ms="6" started-at="2020-12-11T01:58:04 EST" finished-at="2020-12-11T01:58:04 EST">
          <reporter-output>
          </reporter-output>
        </test-method> <!-- IOSApps -->
        <test-method status="PASS" signature="NativeAPAndroid()[pri:0, instance:qaclickacademy.AppiumTest@305fd85d]" name="NativeAPAndroid" duration-ms="1" started-at="2020-12-11T01:58:04 EST" finished-at="2020-12-11T01:58:04 EST">
          <reporter-output>
          </reporter-output>
        </test-method> <!-- NativeAPAndroid -->
      </class> <!-- qaclickacademy.AppiumTest -->
      <class name="qaclickacademy.RESTAPITest">
        <test-method status="PASS" signature="deleteTwitter()[pri:0, instance:qaclickacademy.RESTAPITest@11438d26]" name="deleteTwitter" duration-ms="1" started-at="2020-12-11T01:58:04 EST" finished-at="2020-12-11T01:58:04 EST">
          <reporter-output>
          </reporter-output>
        </test-method> <!-- deleteTwitter -->
        <test-method status="PASS" signature="postJira()[pri:0, instance:qaclickacademy.RESTAPITest@11438d26]" name="postJira" duration-ms="0" started-at="2020-12-11T01:58:04 EST" finished-at="2020-12-11T01:58:04 EST">
          <reporter-output>
          </reporter-output>
        </test-method> <!-- postJira -->
      </class> <!-- qaclickacademy.RESTAPITest -->
      <class name="qaclickacademy.SeleniumTest">
        <test-method status="PASS" signature="browserAutomation()[pri:0, instance:qaclickacademy.SeleniumTest@458c1321]" name="browserAutomation" duration-ms="0" started-at="2020-12-11T01:58:04 EST" finished-at="2020-12-11T01:58:04 EST">
          <reporter-output>
          </reporter-output>
        </test-method> <!-- browserAutomation -->
        <test-method status="PASS" signature="elementsUi()[pri:0, instance:qaclickacademy.SeleniumTest@458c1321]" name="elementsUi" duration-ms="1" started-at="2020-12-11T01:58:04 EST" finished-at="2020-12-11T01:58:04 EST">
          <reporter-output>
          </reporter-output>
        </test-method> <!-- elementsUi -->
      </class> <!-- qaclickacademy.SeleniumTest -->
    </test> <!-- Test -->
  </suite> <!-- Suite -->
</testng-results>
